0 info it worked if it ends with ok
1 verbose cli [ '/home/balkrishna/.nvm/v0.10.38/bin/node',
1 verbose cli   '/home/balkrishna/.nvm/v0.10.38/bin/npm',
1 verbose cli   'prune' ]
2 info using npm@1.4.28
3 info using node@v0.10.38
4 verbose node_modules/socket.io unbuild
5 info preuninstall socket.io@1.3.5
6 info uninstall socket.io@1.3.5
7 verbose true,/home/balkrishna/workdata/ChatRoomMerge/node_modules,/home/balkrishna/workdata/ChatRoomMerge/node_modules unbuild socket.io@1.3.5
8 info postuninstall socket.io@1.3.5
9 error Error: EACCES, unlink '/home/balkrishna/workdata/ChatRoomMerge/node_modules/socket.io/node_modules/socket.io-client/node_modules/engine.io-client/node_modules/.bin/wscat'
9 error  { [Error: EACCES, unlink '/home/balkrishna/workdata/ChatRoomMerge/node_modules/socket.io/node_modules/socket.io-client/node_modules/engine.io-client/node_modules/.bin/wscat']
9 error   errno: 3,
9 error   code: 'EACCES',
9 error   path: '/home/balkrishna/workdata/ChatRoomMerge/node_modules/socket.io/node_modules/socket.io-client/node_modules/engine.io-client/node_modules/.bin/wscat' }
10 error Please try running this command again as root/Administrator.
11 error System Linux 3.16.0-31-generic
12 error command "/home/balkrishna/.nvm/v0.10.38/bin/node" "/home/balkrishna/.nvm/v0.10.38/bin/npm" "prune"
13 error cwd /home/balkrishna/workdata/ChatRoomMerge
14 error node -v v0.10.38
15 error npm -v 1.4.28
16 error path /home/balkrishna/workdata/ChatRoomMerge/node_modules/socket.io/node_modules/socket.io-client/node_modules/engine.io-client/node_modules/.bin/wscat
17 error code EACCES
18 error errno 3
19 error stack Error: EACCES, unlink '/home/balkrishna/workdata/ChatRoomMerge/node_modules/socket.io/node_modules/socket.io-client/node_modules/engine.io-client/node_modules/.bin/wscat'
20 verbose exit [ 3, true ]
